0 info it worked if it ends with ok
1 verbose cli [ 'C:\\Program Files\\nodejs\\node.exe',
1 verbose cli   'C:\\Program Files\\nodejs\\node_modules\\npm\\bin\\npm-cli.js',
1 verbose cli   'i',
1 verbose cli   'gulp-g' ]
2 info using npm@2.15.5
3 info using node@v4.4.5
4 verbose install initial load of C:\projects\viktordarktest\package.json
5 warn package.json gulp-project@1.0.0 No repository field.
6 warn package.json gulp-project@1.0.0 No README data
7 warn package.json gulp-project@1.0.0 No license field.
8 verbose installManyTop reading scoped package data from C:\projects\viktordarktest\node_modules\browser-sync\package.json
9 verbose installManyTop reading scoped package data from C:\projects\viktordarktest\node_modules\gulp\package.json
10 verbose installManyTop reading scoped package data from C:\projects\viktordarktest\node_modules\gulp-autoprefixer\package.json
11 verbose installManyTop reading scoped package data from C:\projects\viktordarktest\node_modules\gulp-cache\package.json
12 verbose installManyTop reading scoped package data from C:\projects\viktordarktest\node_modules\gulp-clean-css\package.json
13 verbose installManyTop reading scoped package data from C:\projects\viktordarktest\node_modules\gulp-concat\package.json
14 verbose installManyTop reading scoped package data from C:\projects\viktordarktest\node_modules\gulp-imagemin\package.json
15 verbose installManyTop reading scoped package data from C:\projects\viktordarktest\node_modules\gulp-sass\package.json
16 verbose installManyTop reading scoped package data from C:\projects\viktordarktest\node_modules\gulp-uglify\package.json
17 verbose installManyTop reading scoped package data from C:\projects\viktordarktest\node_modules\imagemin-pngquant\package.json
18 verbose installManyTop reading scoped package data from C:\projects\viktordarktest\node_modules\node-bourbon\package.json
19 verbose readDependencies loading dependencies from C:\projects\viktordarktest\package.json
20 silly cache add args [ 'gulp-g', null ]
21 verbose cache add spec gulp-g
22 silly cache add parsed spec Result {
22 silly cache add   raw: 'gulp-g',
22 silly cache add   scope: null,
22 silly cache add   name: 'gulp-g',
22 silly cache add   rawSpec: '',
22 silly cache add   spec: 'latest',
22 silly cache add   type: 'tag' }
23 silly addNamed gulp-g@latest
24 verbose addNamed "latest" is being treated as a dist-tag for gulp-g
25 info addNameTag [ 'gulp-g', 'latest' ]
26 silly mapToRegistry name gulp-g
27 silly mapToRegistry using default registry
28 silly mapToRegistry registry https://registry.npmjs.org/
29 silly mapToRegistry data Result {
29 silly mapToRegistry   raw: 'gulp-g',
29 silly mapToRegistry   scope: null,
29 silly mapToRegistry   name: 'gulp-g',
29 silly mapToRegistry   rawSpec: '',
29 silly mapToRegistry   spec: 'latest',
29 silly mapToRegistry   type: 'tag' }
30 silly mapToRegistry uri https://registry.npmjs.org/gulp-g
31 verbose addNameTag registry:https://registry.npmjs.org/gulp-g not in flight; fetching
32 verbose request uri https://registry.npmjs.org/gulp-g
33 verbose request no auth needed
34 info attempt registry request try #1 at 17:40:48
35 verbose request id 4e40a055aa08263b
36 http request GET https://registry.npmjs.org/gulp-g
37 http 404 https://registry.npmjs.org/gulp-g
38 verbose headers { 'content-type': 'application/json',
38 verbose headers   'cache-control': 'max-age=0',
38 verbose headers   'content-length': '2',
38 verbose headers   'accept-ranges': 'bytes',
38 verbose headers   date: 'Wed, 17 Aug 2016 14:40:57 GMT',
38 verbose headers   via: '1.1 varnish',
38 verbose headers   age: '0',
38 verbose headers   connection: 'keep-alive',
38 verbose headers   'x-served-by': 'cache-fra1225-FRA',
38 verbose headers   'x-cache': 'MISS',
38 verbose headers   'x-cache-hits': '0',
38 verbose headers   'x-timer': 'S1471444857.319577,VS0,VE106',
38 verbose headers   vary: 'Accept-Encoding' }
39 silly get cb [ 404,
39 silly get   { 'content-type': 'application/json',
39 silly get     'cache-control': 'max-age=0',
39 silly get     'content-length': '2',
39 silly get     'accept-ranges': 'bytes',
39 silly get     date: 'Wed, 17 Aug 2016 14:40:57 GMT',
39 silly get     via: '1.1 varnish',
39 silly get     age: '0',
39 silly get     connection: 'keep-alive',
39 silly get     'x-served-by': 'cache-fra1225-FRA',
39 silly get     'x-cache': 'MISS',
39 silly get     'x-cache-hits': '0',
39 silly get     'x-timer': 'S1471444857.319577,VS0,VE106',
39 silly get     vary: 'Accept-Encoding' } ]
40 verbose stack Error: Registry returned 404 for GET on https://registry.npmjs.org/gulp-g
40 verbose stack     at makeError (C:\Program Files\nodejs\node_modules\npm\node_modules\npm-registry-client\lib\request.js:264:12)
40 verbose stack     at CachingRegistryClient.<anonymous> (C:\Program Files\nodejs\node_modules\npm\node_modules\npm-registry-client\lib\request.js:242:14)
40 verbose stack     at Request._callback (C:\Program Files\nodejs\node_modules\npm\node_modules\npm-registry-client\lib\request.js:172:14)
40 verbose stack     at Request.self.callback (C:\Program Files\nodejs\node_modules\npm\node_modules\request\request.js:200:22)
40 verbose stack     at emitTwo (events.js:87:13)
40 verbose stack     at Request.emit (events.js:172:7)
40 verbose stack     at Request.<anonymous> (C:\Program Files\nodejs\node_modules\npm\node_modules\request\request.js:1067:10)
40 verbose stack     at emitOne (events.js:82:20)
40 verbose stack     at Request.emit (events.js:169:7)
40 verbose stack     at IncomingMessage.<anonymous> (C:\Program Files\nodejs\node_modules\npm\node_modules\request\request.js:988:12)
41 verbose statusCode 404
42 verbose pkgid gulp-g
43 verbose cwd C:\projects\viktordarktest
44 error Windows_NT 10.0.10586
45 error argv "C:\\Program Files\\nodejs\\node.exe" "C:\\Program Files\\nodejs\\node_modules\\npm\\bin\\npm-cli.js" "i" "gulp-g"
46 error node v4.4.5
47 error npm  v2.15.5
48 error code E404
49 error 404 Registry returned 404 for GET on https://registry.npmjs.org/gulp-g
49 error 404
49 error 404 'gulp-g' is not in the npm registry.
49 error 404 You should bug the author to publish it (or use the name yourself!)
49 error 404 It was specified as a dependency of 'gulp-project'
49 error 404
49 error 404 Note that you can also install from a
49 error 404 tarball, folder, http url, or git url.
50 verbose exit [ 1, true ]
